<?xml version="1.0" encoding="UTF-8"?>
<testsuite xmlns:xsi="http://www.w3.org/2001/XMLSchema-instance" xsi:noNamespaceSchemaLocation="https://maven.apache.org/surefire/maven-surefire-plugin/xsd/surefire-test-report.xsd" name="com.adobe.bookstore.controller.OrderControllerTest" time="0.658" tests="6" errors="0" skipped="0" failures="0">
  <properties>
[...]
</properties>
  <testcase name="validateSuccessOrderWithUniqueId" classname="com.adobe.bookstore.controller.OrderControllerTest" time="0.052"/>
  <testcase name="validateGetOrderApi" classname="com.adobe.bookstore.controller.OrderControllerTest" time="0.05"/>
  <testcase name="validateStockUpdatingFails" classname="com.adobe.bookstore.controller.OrderControllerTest" time="0.009"/>
  <testcase name="validateIfBookStockIsNull" classname="com.adobe.bookstore.controller.OrderControllerTest" time="0.009"/>
  <testcase name="validateIfNotEnoughOrder" classname="com.adobe.bookstore.controller.OrderControllerTest" time="0.007"/>
  <testcase name="validateSuccessStockUpdating" classname="com.adobe.bookstore.controller.OrderControllerTest" time="0.006"/>
</testsuite>